2024-07-01T18:34:56.442Z 0: 

----------------------------------------------
2024-07-01T18:34:56.488Z 1: Discord starting: {"releaseChannel":"stable","version":"0.0.58"}, modulepath: /home/riezenmark/.config/discord/0.0.58/modules
2024-07-01T18:34:56.514Z 2: ✅ webContents.created web1 ""
2024-07-01T18:34:56.599Z 3: ✅ window.created win1 "discord"
2024-07-01T18:34:56.966Z 4: ✅ webContents.did-finish-load web1
2024-07-01T18:35:20.164Z 5: ✅ webContents.created web2 ""
2024-07-01T18:35:20.196Z 6: ✅ window.created win2 "Discord"
2024-07-01T18:35:22.469Z 7: ✅ webContents.did-finish-load web2
2024-07-01T18:35:22.569Z 8: window.close win1
2024-07-01T18:35:22.631Z 9: webContents.destroyed web1
2024-07-01T18:35:22.633Z 10: window.closed win1
2024-07-01T20:44:26.151Z 11: before-quit
2024-07-01T20:44:26.154Z 12: window.close win2
2024-07-01T20:44:26.160Z 13: ❌ child-process-gone {
  type: 'Utility',
  reason: 'killed',
  exitCode: 15,
  serviceName: 'audio.mojom.AudioService',
  name: 'Audio Service'
}
2024-07-01T20:44:26.196Z 14: ❌ child-process-gone {
  type: 'Utility',
  reason: 'killed',
  exitCode: 15,
  serviceName: 'network.mojom.NetworkService',
  name: 'Network Service'
}
2024-07-01T20:44:26.223Z 15: ❌ render-process-gone { reason: 'killed', exitCode: 15 }
2024-07-02T09:34:50.347Z 0: 

----------------------------------------------
2024-07-02T09:34:50.366Z 1: Discord starting: {"releaseChannel":"stable","version":"0.0.58"}, modulepath: /home/riezenmark/.config/discord/0.0.58/modules
2024-07-02T09:34:50.387Z 2: ✅ webContents.created web1 ""
2024-07-02T09:34:50.390Z 3: ✅ window.created win1 "discord"
2024-07-02T09:34:50.703Z 4: ✅ webContents.did-finish-load web1
2024-07-02T09:34:51.167Z 5: ✅ webContents.created web2 ""
2024-07-02T09:34:51.181Z 6: ✅ window.created win2 "Discord"
2024-07-02T09:34:54.026Z 7: ✅ webContents.did-finish-load web2
2024-07-02T09:34:54.124Z 8: window.close win1
2024-07-02T09:34:54.228Z 9: webContents.destroyed web1
2024-07-02T09:34:54.230Z 10: window.closed win1
2024-07-03T09:18:27.183Z 11: before-quit
2024-07-03T09:18:27.192Z 12: window.close win2
